#
# There is insufficient memory for the Java Runtime Environment to continue.
# Native memory allocation (malloc) failed to allocate 1140912 bytes for Chunk::new
# Possible reasons:
#   The system is out of physical RAM or swap space
#   The process is running with CompressedOops enabled, and the Java Heap may be blocking the growth of the native heap
# Possible solutions:
#   Reduce memory load on the system
#   Increase physical memory or swap space
#   Check if swap backing store is full
#   Decrease Java heap size (-Xmx/-Xms)
#   Decrease number of Java threads
#   Decrease Java thread stack sizes (-Xss)
#   Set larger code cache with -XX:ReservedCodeCacheSize=
#   JVM is running with Zero Based Compressed Oops mode in which the Java heap is
#     placed in the first 32GB address space. The Java Heap base address is the
#     maximum limit for the native heap growth. Please use -XX:HeapBaseMinAddress
#     to set the Java Heap base and to place the Java Heap above 32GB virtual address.
# This output file may be truncated or incomplete.
#
#  Out of Memory Error (./open/src/hotspot/share/memory/arena.cpp:195), pid=122312, tid=128616
#
# JRE version: OpenJDK Runtime Environment (15.0+36) (build 15+36-1562)
# Java VM: OpenJDK 64-Bit Server VM (15+36-1562, mixed mode, sharing, tiered, compressed oops, g1 gc, windows-amd64)
# No core dump will be written. Minidumps are not enabled by default on client versions of Windows
#

---------------  S U M M A R Y ------------

Command Line: -javaagent:C:\Program Files\JetBrains\IntelliJ IDEA Community Edition 2020.2.2\lib\idea_rt.jar=62783:C:\Program Files\JetBrains\IntelliJ IDEA Community Edition 2020.2.2\bin -Dfile.encoding=UTF-8 GamingLads.apigateway.ApiGatewayApplication

Host: AMD Ryzen 5 2600 Six-Core Processor            , 12 cores, 15G,  Windows 10 , 64 bit Build 19041 (10.0.19041.546)
Time: Tue Dec  1 12:00:57 2020 W. Europe Standard Time elapsed time: 10.016843 seconds (0d 0h 0m 10s)

---------------  T H R E A D  ---------------

Current thread (0x000001b0922ec890):  JavaThread "C2 CompilerThread1" daemon [_thread_in_native, id=128616, stack(0x0000008e1d900000,0x0000008e1da00000)]


Current CompileTask:
C2:  10016 4141   !   4       org.springframework.beans.factory.support.DefaultListableBeanFactory::doGetBeanNamesForType (511 bytes)

Stack: [0x0000008e1d900000,0x0000008e1da00000]
Native frames: (J=compiled Java code, j=interpreted, Vv=VM code, C=native code)
V  [jvm.dll+0x629eaa]
V  [jvm.dll+0x780379]
V  [jvm.dll+0x781ad3]
V  [jvm.dll+0x782133]
V  [jvm.dll+0x2159d5]
V  [jvm.dll+0x9794a]
V  [jvm.dll+0x9802c]
V  [jvm.dll+0x32dc35]
V  [jvm.dll+0x2f6ffa]
V  [jvm.dll+0x2f63ba]
V  [jvm.dll+0x1e9dd5]
V  [jvm.dll+0x1e903e]
V  [jvm.dll+0x177f17]
V  [jvm.dll+0x1f88f5]
V  [jvm.dll+0x1f699c]
V  [jvm.dll+0x74384d]
V  [jvm.dll+0x73c64a]
V  [jvm.dll+0x628d16]
C  [ucrtbase.dll+0x214c2]
C  [KERNEL32.DLL+0x17034]
C  [ntdll.dll+0x4cec1]


---------------  P R O C E S S  ---------------

Threads class SMR info:
_java_thread_list=0x000001b0918fd250, length=13, elements={
0x000001b0e973bb30, 0x000001b0fe278270, 0x000001b0fe278e40, 0x000001b0fe28eee0,
0x000001b0fe2939b0, 0x000001b0fe296370, 0x000001b0fe297050, 0x000001b0fe299310,
0x000001b0fe299d00, 0x000001b0fec29090, 0x000001b0ff3793a0, 0x000001b0fee98ab0,
0x000001b0922ec890
}

Java Threads: ( => current thread )
  0x000001b0e973bb30 JavaThread "main" [_thread_in_vm, id=138380, stack(0x0000008e1c900000,0x0000008e1ca00000)]
  0x000001b0fe278270 JavaThread "Reference Handler" daemon [_thread_blocked, id=139500, stack(0x0000008e1d000000,0x0000008e1d100000)]
  0x000001b0fe278e40 JavaThread "Finalizer" daemon [_thread_blocked, id=141944, stack(0x0000008e1d100000,0x0000008e1d200000)]
  0x000001b0fe28eee0 JavaThread "Signal Dispatcher" daemon [_thread_blocked, id=125712, stack(0x0000008e1d200000,0x0000008e1d300000)]
  0x000001b0fe2939b0 JavaThread "Attach Listener" daemon [_thread_blocked, id=127576, stack(0x0000008e1d300000,0x0000008e1d400000)]
  0x000001b0fe296370 JavaThread "Service Thread" daemon [_thread_blocked, id=141864, stack(0x0000008e1d400000,0x0000008e1d500000)]
  0x000001b0fe297050 JavaThread "C2 CompilerThread0" daemon [_thread_in_native, id=142156, stack(0x0000008e1d500000,0x0000008e1d600000)]
  0x000001b0fe299310 JavaThread "C1 CompilerThread0" daemon [_thread_blocked, id=141152, stack(0x0000008e1d600000,0x0000008e1d700000)]
  0x000001b0fe299d00 JavaThread "Sweeper thread" daemon [_thread_blocked, id=141796, stack(0x0000008e1d700000,0x0000008e1d800000)]
  0x000001b0fec29090 JavaThread "Common-Cleaner" daemon [_thread_blocked, id=131100, stack(0x0000008e1d800000,0x0000008e1d900000)]
  0x000001b0ff3793a0 JavaThread "Monitor Ctrl-Break" daemon [_thread_in_native, id=138480, stack(0x0000008e1da00000,0x0000008e1db00000)]
  0x000001b0fee98ab0 JavaThread "Notification Thread" daemon [_thread_blocked, id=130092, stack(0x0000008e1db00000,0x0000008e1dc00000)]
=>0x000001b0922ec890 JavaThread "C2 CompilerThread1" daemon [_thread_in_native, id=128616, stack(0x0000008e1d900000,0x0000008e1da00000)]

Other Threads:
  0x000001b0fe2753e0 VMThread "VM Thread" [stack: 0x0000008e1cf00000,0x0000008e1d000000] [id=135860]
  0x000001b0e973d070 WatcherThread [stack: 0x0000008e1dc00000,0x0000008e1dd00000] [id=128936]
  0x000001b0e978beb0 GCTaskThread "GC Thread#0" [stack: 0x0000008e1ca00000,0x0000008e1cb00000] [id=135208]
  0x000001b0ff437ee0 GCTaskThread "GC Thread#1" [stack: 0x0000008e1dd00000,0x0000008e1de00000] [id=142332]
  0x000001b0ff439860 GCTaskThread "GC Thread#2" [stack: 0x0000008e1de00000,0x0000008e1df00000] [id=141920]
  0x000001b0ff438210 GCTaskThread "GC Thread#3" [stack: 0x0000008e1df00000,0x0000008e1e000000] [id=139840]
  0x000001b0ff43a1f0 GCTaskThread "GC Thread#4" [stack: 0x0000008e1e000000,0x0000008e1e100000] [id=136444]
  0x000001b0ff438ed0 GCTaskThread "GC Thread#5" [stack: 0x0000008e1e100000,0x0000008e1e200000] [id=136784]
  0x000001b0e979cf40 ConcurrentGCThread "G1 Main Marker" [stack: 0x0000008e1cb00000,0x0000008e1cc00000] [id=134832]
  0x000001b0e979db30 ConcurrentGCThread "G1 Conc#0" [stack: 0x0000008e1cc00000,0x0000008e1cd00000] [id=128748]
  0x000001b0ff438540 ConcurrentGCThread "G1 Conc#1" [stack: 0x0000008e1e300000,0x0000008e1e400000] [id=103800]
  0x000001b0ff438870 ConcurrentGCThread "G1 Conc#2" [stack: 0x0000008e1e400000,0x0000008e1e500000] [id=124572]
  0x000001b0e97ee8c0 ConcurrentGCThread "G1 Refine#0" [stack: 0x0000008e1cd00000,0x0000008e1ce00000] [id=141908]
  0x000001b0fe16c670 ConcurrentGCThread "G1 Young RemSet Sampling" [stack: 0x0000008e1ce00000,0x0000008e1cf00000] [id=139528]

Threads with active compile tasks:
C2 CompilerThread0    10047 4132       4       org.springframework.core.ResolvableType::hasGenerics (14 bytes)
C2 CompilerThread1    10047 4141   !   4       org.springframework.beans.factory.support.DefaultListableBeanFactory::doGetBeanNamesForType (511 bytes)

VM state: not at safepoint (normal execution)

VM Mutex/Monitor currently owned by a thread:  ([mutex/lock_event])
[0x000001b0e97373c0] SystemDictionary_lock - owner thread: 0x000001b0e973bb30

Heap address: 0x0000000700c00000, size: 4084 MB, Compressed Oops mode: Zero based, Oop shift amount: 3
CDS archive(s) mapped at: [0x0000000800000000-0x0000000800b50000-0x0000000800b50000), size 11862016, SharedBaseAddress: 0x0000000800000000, ArchiveRelocationMode: 0.
Compressed class space mapped at: 0x0000000800b50000-0x0000000840b50000, size: 1073741824
Narrow klass base: 0x0000000800000000, Narrow klass shift: 3, Narrow klass range: 0x100000000

GC Precious Log:
 CPUs: 12 total, 12 available
 Memory: 16332M
 Large Page Support: Disabled
 NUMA Support: Disabled
 Compressed Oops: Enabled (Zero based)
 Heap Region Size: 2M
 Heap Min Capacity: 8M
 Heap Initial Capacity: 256M
 Heap Max Capacity: 4084M
 Pre-touch: Disabled
 Parallel Workers: 10
 Concurrent Workers: 3
 Concurrent Refinement Workers: 10
 Periodic GC: Disabled

Heap:
 garbage-first heap   total 61440K, used 22214K [0x0000000700c00000, 0x0000000800000000)
  region size 2048K, 4 young (8192K), 1 survivors (2048K)
 Metaspace       used 33660K, capacity 34076K, committed 34224K, reserved 1079296K
  class space    used 4131K, capacity 4229K, committed 4352K, reserved 1048576K

Heap Regions: E=young(eden), S=young(survivor), O=old, HS=humongous(starts), HC=humongous(continues), CS=collection set, F=free, OA=open archive, CA=closed archive, TAMS=top-at-mark-start (previous, next)
|   0|0x0000000700c00000, 0x0000000700e00000, 0x0000000700e00000|100%| O|  |TAMS 0x0000000700e00000, 0x0000000700c00000| Untracked 
|   1|0x0000000700e00000, 0x0000000701000000, 0x0000000701000000|100%| O|  |TAMS 0x0000000701000000, 0x0000000700e00000| Untracked 
|   2|0x0000000701000000, 0x0000000701200000, 0x0000000701200000|100%| O|  |TAMS 0x0000000701200000, 0x0000000701000000| Untracked 
|   3|0x0000000701200000, 0x00000007012bf800, 0x0000000701400000| 37%| O|  |TAMS 0x00000007012bf800, 0x0000000701200000| Untracked 
|   4|0x0000000701400000, 0x0000000701600000, 0x0000000701600000|100%| O|  |TAMS 0x0000000701400000, 0x0000000701400000| Untracked 
|   5|0x0000000701600000, 0x0000000701800000, 0x0000000701800000|100%| O|  |TAMS 0x0000000701600000, 0x0000000701600000| Untracked 
|   6|0x0000000701800000, 0x0000000701a00000, 0x0000000701a00000|100%| O|  |TAMS 0x0000000701800000, 0x0000000701800000| Untracked 
|   7|0x0000000701a00000, 0x0000000701c00000, 0x0000000701c00000|100%| O|  |TAMS 0x0000000701a00000, 0x0000000701a00000| Untracked 
|   8|0x0000000701c00000, 0x0000000701e00000, 0x0000000701e00000|100%| O|  |TAMS 0x0000000701c00000, 0x0000000701c00000| Untracked 
|   9|0x0000000701e00000, 0x0000000701e00000, 0x0000000702000000|  0%| F|  |TAMS 0x0000000701e00000, 0x0000000701e00000| Untracked 
|  10|0x0000000702000000, 0x0000000702000000, 0x0000000702200000|  0%| F|  |TAMS 0x0000000702000000, 0x0000000702000000| Untracked 
|  11|0x0000000702200000, 0x0000000702200000, 0x0000000702400000|  0%| F|  |TAMS 0x0000000702200000, 0x0000000702200000| Untracked 
|  12|0x0000000702400000, 0x0000000702400000, 0x0000000702600000|  0%| F|  |TAMS 0x0000000702400000, 0x0000000702400000| Untracked 
|  13|0x0000000702600000, 0x0000000702600000, 0x0000000702800000|  0%| F|  |TAMS 0x0000000702600000, 0x0000000702600000| Untracked 
|  14|0x0000000702800000, 0x0000000702800000, 0x0000000702a00000|  0%| F|  |TAMS 0x0000000702800000, 0x0000000702800000| Untracked 
|  15|0x0000000702a00000, 0x0000000702a00000, 0x0000000702c00000|  0%| F|  |TAMS 0x0000000702a00000, 0x0000000702a00000| Untracked 
|  16|0x0000000702c00000, 0x0000000702c00000, 0x0000000702e00000|  0%| F|  |TAMS 0x0000000702c00000, 0x0000000702c00000| Untracked 
|  17|0x0000000702e00000, 0x0000000702ef2370, 0x0000000703000000| 47%| S|CS|TAMS 0x0000000702e00000, 0x0000000702e00000| Complete 
|  18|0x0000000703000000, 0x0000000703000000, 0x0000000703200000|  0%| F|  |TAMS 0x0000000703000000, 0x0000000703000000| Untracked 
|  19|0x0000000703200000, 0x0000000703200000, 0x0000000703400000|  0%| F|  |TAMS 0x0000000703200000, 0x0000000703200000| Untracked 
|  20|0x0000000703400000, 0x0000000703400000, 0x0000000703600000|  0%| F|  |TAMS 0x0000000703400000, 0x0000000703400000| Untracked 
|  21|0x0000000703600000, 0x0000000703600000, 0x0000000703800000|  0%| F|  |TAMS 0x0000000703600000, 0x0000000703600000| Untracked 
|  22|0x0000000703800000, 0x0000000703800000, 0x0000000703a00000|  0%| F|  |TAMS 0x0000000703800000, 0x0000000703800000| Untracked 
|  23|0x0000000703a00000, 0x0000000703a00000, 0x0000000703c00000|  0%| F|  |TAMS 0x0000000703a00000, 0x0000000703a00000| Untracked 
|  24|0x0000000703c00000, 0x0000000703c00000, 0x0000000703e00000|  0%| F|  |TAMS 0x0000000703c00000, 0x0000000703c00000| Untracked 
|  99|0x000000070d200000, 0x000000070d200000, 0x000000070d400000|  0%| F|  |TAMS 0x000000070d200000, 0x000000070d200000| Untracked 
| 100|0x000000070d400000, 0x000000070d400000, 0x000000070d600000|  0%| F|  |TAMS 0x000000070d400000, 0x000000070d400000| Untracked 
| 101|0x000000070d600000, 0x000000070d6f83d8, 0x000000070d800000| 48%| E|  |TAMS 0x000000070d600000, 0x000000070d600000| Complete 
| 126|0x0000000710800000, 0x0000000710a00000, 0x0000000710a00000|100%| E|CS|TAMS 0x0000000710800000, 0x0000000710800000| Complete 
| 127|0x0000000710a00000, 0x0000000710c00000, 0x0000000710c00000|100%| E|CS|TAMS 0x0000000710a00000, 0x0000000710a00000| Complete 

Card table byte_map: [0x000001b0f26a0000,0x000001b0f2ea0000] _byte_map_base: 0x000001b0eee9a000

Marking Bits (Prev, Next): (CMBitMap*) 0x000001b0e978c6e0, (CMBitMap*) 0x000001b0e978c6a0
 Prev Bits: [0x000001b0f7670000, 0x000001b0fb640000)
 Next Bits: [0x000001b0f36a0000, 0x000001b0f7670000)

Polling page: 0x000001b0e7650000

Metaspace:

Usage:
  Non-class:     29.15 MB capacity,    28.84 MB ( 99%) used,   269.67 KB ( <1%) free+waste,    48.56 KB ( <1%) overhead. 
      Class:      4.13 MB capacity,     4.04 MB ( 98%) used,    80.14 KB (  2%) free+waste,    18.88 KB ( <1%) overhead. 
       Both:     33.28 MB capacity,    32.87 MB ( 99%) used,   349.81 KB (  1%) free+waste,    67.44 KB ( <1%) overhead. 

Virtual space:
  Non-class space:       30.00 MB reserved,      29.17 MB ( 97%) committed 
      Class space:        1.00 GB reserved,       4.25 MB ( <1%) committed 
             Both:        1.03 GB reserved,      33.42 MB (  3%) committed 

Chunk freelists:
   Non-Class:  20.00 KB
       Class:  0 bytes
        Both:  19.00 KB

MaxMetaspaceSize: 17179869184.00 GB
CompressedClassSpaceSize: 1.00 GB

CodeHeap 'non-profiled nmethods': size=120000Kb used=2533Kb max_used=2533Kb free=117466Kb
 bounds [0x000001b087ad0000, 0x000001b087d50000, 0x000001b08f000000]
CodeHeap 'profiled nmethods': size=120000Kb used=9226Kb max_used=9226Kb free=110773Kb
 bounds [0x000001b0805a0000, 0x000001b080eb0000, 0x000001b087ad0000]
CodeHeap 'non-nmethods': size=5760Kb used=1241Kb max_used=1295Kb free=4518Kb
 bounds [0x000001b080000000, 0x000001b080270000, 0x000001b0805a0000]
 total_blobs=4716 nmethods=4203 adapters=423
 compilation: enabled
              stopped_count=0, restarted_count=0
 full_count=0

Compilation events (20 events):
Event: 9.959 Thread 0x000001b0fe299310 4196       3       java.lang.Class$$Lambda$209/0x0000000800cef5e8::apply (8 bytes)
Event: 9.959 Thread 0x000001b0fe299310 nmethod 4196 0x000001b080e9cb10 code [0x000001b080e9cce0, 0x000001b080e9d088]
Event: 9.959 Thread 0x000001b0fe299310 4197       3       java.lang.Class::lambda$methodToString$0 (15 bytes)
Event: 9.959 Thread 0x000001b0fe299310 nmethod 4197 0x000001b080e9d190 code [0x000001b080e9d340, 0x000001b080e9d568]
Event: 9.959 Thread 0x000001b0fe299310 4198       3       java.util.Spliterators$ArraySpliterator::estimateSize (11 bytes)
Event: 9.959 Thread 0x000001b0fe299310 nmethod 4198 0x000001b080e9d690 code [0x000001b080e9d820, 0x000001b080e9d938]
Event: 9.990 Thread 0x000001b0fe299310 4200       3       jdk.internal.reflect.ClassFileAssembler::opc_athrow (12 bytes)
Event: 9.991 Thread 0x000001b0fe299310 nmethod 4200 0x000001b080e9da10 code [0x000001b080e9dbc0, 0x000001b080e9de88]
Event: 9.996 Thread 0x000001b0fe299310 4201       1       org.springframework.beans.factory.config.InstantiationAwareBeanPostProcessorAdapter::postProcessBeforeInstantiation (2 bytes)
Event: 9.996 Thread 0x000001b0fe299310 nmethod 4201 0x000001b087d49010 code [0x000001b087d491a0, 0x000001b087d49258]
Event: 10.002 Thread 0x000001b0fe299310 4202       3       org.aspectj.apache.bcel.util.ClassLoaderRepository$SoftHashMap::<init> (26 bytes)
Event: 10.002 Thread 0x000001b0fe299310 nmethod 4202 0x000001b080e9e010 code [0x000001b080e9e1e0, 0x000001b080e9e718]
Event: 10.003 Thread 0x000001b0fe299310 4203       3       org.aspectj.weaver.reflect.Java15AnnotationFinder::<init> (5 bytes)
Event: 10.003 Thread 0x000001b0fe299310 nmethod 4203 0x000001b080e9e910 code [0x000001b080e9eaa0, 0x000001b080e9ebf8]
Event: 10.003 Thread 0x000001b0fe299310 4206       3       org.aspectj.weaver.reflect.ReflectionShadow::<init> (121 bytes)
Event: 10.003 Thread 0x000001b0fe299310 nmethod 4206 0x000001b080e9ec90 code [0x000001b080e9eee0, 0x000001b080e9fe08]
Event: 10.003 Thread 0x000001b0fe299310 4205       3       org.aspectj.weaver.patterns.ExposedState::<init> (41 bytes)
Event: 10.004 Thread 0x000001b0fe299310 nmethod 4205 0x000001b080ea0190 code [0x000001b080ea0360, 0x000001b080ea0818]
Event: 10.004 Thread 0x000001b0fe299310 4204       3       org.aspectj.weaver.reflect.Java15AnnotationFinder::setClassLoader (52 bytes)
Event: 10.004 Thread 0x000001b0fe299310 nmethod 4204 0x000001b080ea0910 code [0x000001b080ea0b00, 0x000001b080ea0fc8]

GC Heap History (14 events):
Event: 1.111 GC heap before
{Heap before GC invocations=0 (full 0):
 garbage-first heap   total 262144K, used 20480K [0x0000000700c00000, 0x0000000800000000)
  region size 2048K, 11 young (22528K), 0 survivors (0K)
 Metaspace       used 3928K, capacity 5926K, committed 6016K, reserved 1056768K
  class space    used 385K, capacity 566K, committed 640K, reserved 1048576K
}
Event: 1.123 GC heap after
{Heap after GC invocations=1 (full 0):
 garbage-first heap   total 262144K, used 6760K [0x0000000700c00000, 0x0000000800000000)
  region size 2048K, 2 young (4096K), 2 survivors (4096K)
 Metaspace       used 3928K, capacity 5926K, committed 6016K, reserved 1056768K
  class space    used 385K, capacity 566K, committed 640K, reserved 1048576K
}
Event: 2.364 GC heap before
{Heap before GC invocations=1 (full 0):
 garbage-first heap   total 262144K, used 29288K [0x0000000700c00000, 0x0000000800000000)
  region size 2048K, 13 young (26624K), 2 survivors (4096K)
 Metaspace       used 10230K, capacity 10663K, committed 10880K, reserved 1058816K
  class space    used 1222K, capacity 1294K, committed 1408K, reserved 1048576K
}
Event: 2.370 GC heap after
{Heap after GC invocations=2 (full 0):
 garbage-first heap   total 262144K, used 8715K [0x0000000700c00000, 0x0000000800000000)
  region size 2048K, 1 young (2048K), 1 survivors (2048K)
 Metaspace       used 10230K, capacity 10663K, committed 10880K, reserved 1058816K
  class space    used 1222K, capacity 1294K, committed 1408K, reserved 1048576K
}
Event: 4.417 GC heap before
{Heap before GC invocations=2 (full 0):
 garbage-first heap   total 262144K, used 55819K [0x0000000700c00000, 0x0000000800000000)
  region size 2048K, 26 young (53248K), 1 survivors (2048K)
 Metaspace       used 20936K, capacity 21199K, committed 21296K, reserved 1069056K
  class space    used 2601K, capacity 2679K, committed 2688K, reserved 1048576K
}
Event: 4.423 GC heap after
{Heap after GC invocations=3 (full 0):
 garbage-first heap   total 262144K, used 11509K [0x0000000700c00000, 0x0000000800000000)
  region size 2048K, 3 young (6144K), 3 survivors (6144K)
 Metaspace       used 20936K, capacity 21199K, committed 21296K, reserved 1069056K
  class space    used 2601K, capacity 2679K, committed 2688K, reserved 1048576K
}
Event: 5.739 GC heap before
{Heap before GC invocations=4 (full 0):
 garbage-first heap   total 61440K, used 42229K [0x0000000700c00000, 0x0000000800000000)
  region size 2048K, 18 young (36864K), 3 survivors (6144K)
 Metaspace       used 22509K, capacity 22866K, committed 23088K, reserved 1069056K
  class space    used 2773K, capacity 2884K, committed 2944K, reserved 1048576K
}
Event: 5.748 GC heap after
{Heap after GC invocations=5 (full 0):
 garbage-first heap   total 61440K, used 13702K [0x0000000700c00000, 0x0000000800000000)
  region size 2048K, 3 young (6144K), 3 survivors (6144K)
 Metaspace       used 22509K, capacity 22866K, committed 23088K, reserved 1069056K
  class space    used 2773K, capacity 2884K, committed 2944K, reserved 1048576K
}
Event: 7.446 GC heap before
{Heap before GC invocations=5 (full 0):
 garbage-first heap   total 61440K, used 40326K [0x0000000700c00000, 0x0000000800000000)
  region size 2048K, 16 young (32768K), 3 survivors (6144K)
 Metaspace       used 26301K, capacity 26686K, committed 26928K, reserved 1073152K
  class space    used 3296K, capacity 3422K, committed 3456K, reserved 1048576K
}
Event: 7.457 GC heap after
{Heap after GC invocations=6 (full 0):
 garbage-first heap   total 61440K, used 14885K [0x0000000700c00000, 0x0000000800000000)
  region size 2048K, 2 young (4096K), 2 survivors (4096K)
 Metaspace       used 26301K, capacity 26686K, committed 26928K, reserved 1073152K
  class space    used 3296K, capacity 3422K, committed 3456K, reserved 1048576K
}
Event: 9.210 GC heap before
{Heap before GC invocations=6 (full 0):
 garbage-first heap   total 61440K, used 41509K [0x0000000700c00000, 0x0000000800000000)
  region size 2048K, 15 young (30720K), 2 survivors (4096K)
 Metaspace       used 32436K, capacity 32859K, committed 33072K, reserved 1079296K
  class space    used 3998K, capacity 4124K, committed 4224K, reserved 1048576K
}
Event: 9.227 GC heap after
{Heap after GC invocations=7 (full 0):
 garbage-first heap   total 61440K, used 17298K [0x0000000700c00000, 0x0000000800000000)
  region size 2048K, 2 young (4096K), 2 survivors (4096K)
 Metaspace       used 32436K, capacity 32859K, committed 33072K, reserved 1079296K
  class space    used 3998K, capacity 4124K, committed 4224K, reserved 1048576K
}
Event: 9.534 GC heap before
{Heap before GC invocations=7 (full 0):
 garbage-first heap   total 61440K, used 39826K [0x0000000700c00000, 0x0000000800000000)
  region size 2048K, 14 young (28672K), 2 survivors (4096K)
 Metaspace       used 32967K, capacity 33339K, committed 33584K, reserved 1079296K
  class space    used 4044K, capacity 4156K, committed 4224K, reserved 1048576K
}
Event: 9.545 GC heap after
{Heap after GC invocations=8 (full 0):
 garbage-first heap   total 61440K, used 18118K [0x0000000700c00000, 0x0000000800000000)
  region size 2048K, 1 young (2048K), 1 survivors (2048K)
 Metaspace       used 32967K, capacity 33339K, committed 33584K, reserved 1079296K
  class space    used 4044K, capacity 4156K, committed 4224K, reserved 1048576K
}

Deoptimization events (20 events):
Event: 9.804 Thread 0x000001b0e973bb30 DEOPT PACKING pc=0x000001b087d09e48 sp=0x0000008e1c9fb5c0
Event: 9.804 Thread 0x000001b0e973bb30 DEOPT UNPACKING pc=0x000001b08004e42f sp=0x0000008e1c9fb588 mode 2
Event: 9.805 Thread 0x000001b0e973bb30 Uncommon trap: trap_request=0xffffffbe fr.pc=0x000001b087cf10a0 relative=0x0000000000000860
Event: 9.805 Thread 0x000001b0e973bb30 Uncommon trap: reason=profile_predicate action=maybe_recompile pc=0x000001b087cf10a0 method=java.lang.PublicMethods$MethodList.filter([Ljava/lang/reflect/Method;Ljava/lang/String;[Ljava/lang/Class;Z)Ljava/lang/PublicMethods$MethodList; @ 21 c2
Event: 9.805 Thread 0x000001b0e973bb30 DEOPT PACKING pc=0x000001b087cf10a0 sp=0x0000008e1c9fbcc0
Event: 9.805 Thread 0x000001b0e973bb30 DEOPT UNPACKING pc=0x000001b08004e42f sp=0x0000008e1c9fbc78 mode 2
Event: 9.805 Thread 0x000001b0e973bb30 Uncommon trap: trap_request=0xffffffbe fr.pc=0x000001b087cf10a0 relative=0x0000000000000860
Event: 9.805 Thread 0x000001b0e973bb30 Uncommon trap: reason=profile_predicate action=maybe_recompile pc=0x000001b087cf10a0 method=java.lang.PublicMethods$MethodList.filter([Ljava/lang/reflect/Method;Ljava/lang/String;[Ljava/lang/Class;Z)Ljava/lang/PublicMethods$MethodList; @ 21 c2
Event: 9.805 Thread 0x000001b0e973bb30 DEOPT PACKING pc=0x000001b087cf10a0 sp=0x0000008e1c9fbc10
Event: 9.805 Thread 0x000001b0e973bb30 DEOPT UNPACKING pc=0x000001b08004e42f sp=0x0000008e1c9fbbc8 mode 2
Event: 9.805 Thread 0x000001b0e973bb30 Uncommon trap: trap_request=0xffffffbe fr.pc=0x000001b087cf10a0 relative=0x0000000000000860
Event: 9.805 Thread 0x000001b0e973bb30 Uncommon trap: reason=profile_predicate action=maybe_recompile pc=0x000001b087cf10a0 method=java.lang.PublicMethods$MethodList.filter([Ljava/lang/reflect/Method;Ljava/lang/String;[Ljava/lang/Class;Z)Ljava/lang/PublicMethods$MethodList; @ 21 c2
Event: 9.805 Thread 0x000001b0e973bb30 DEOPT PACKING pc=0x000001b087cf10a0 sp=0x0000008e1c9fbcc0
Event: 9.805 Thread 0x000001b0e973bb30 DEOPT UNPACKING pc=0x000001b08004e42f sp=0x0000008e1c9fbc78 mode 2
Event: 9.815 Thread 0x000001b0e973bb30 DEOPT PACKING pc=0x000001b080d0d690 sp=0x0000008e1c9fc640
Event: 9.815 Thread 0x000001b0e973bb30 DEOPT UNPACKING pc=0x000001b08004e23f sp=0x0000008e1c9fbba0 mode 0
Event: 9.917 Thread 0x000001b0e973bb30 Uncommon trap: trap_request=0xffffff45 fr.pc=0x000001b087d3cd10 relative=0x0000000000000750
Event: 9.917 Thread 0x000001b0e973bb30 Uncommon trap: reason=unstable_if action=reinterpret pc=0x000001b087d3cd10 method=java.lang.PublicMethods$MethodList.filter([Ljava/lang/reflect/Method;Ljava/lang/String;[Ljava/lang/Class;Z)Ljava/lang/PublicMethods$MethodList; @ 43 c2
Event: 9.917 Thread 0x000001b0e973bb30 DEOPT PACKING pc=0x000001b087d3cd10 sp=0x0000008e1c9fba50
Event: 9.917 Thread 0x000001b0e973bb30 DEOPT UNPACKING pc=0x000001b08004e42f sp=0x0000008e1c9fba10 mode 2

Classes unloaded (0 events):
No events

Classes redefined (0 events):
No events

Internal exceptions (20 events):
Event: 8.182 Thread 0x000001b0e973bb30 Exception <a 'java/lang/ArrayIndexOutOfBoundsException'{0x000000070d2ea800}: Index 7 out of bounds for length 7> (0x000000070d2ea800) 
thrown [./open/src/hotspot/share/interpreter/interpreterRuntime.cpp, line 443]
Event: 8.182 Thread 0x000001b0e973bb30 Exception <a 'java/lang/ArrayIndexOutOfBoundsException'{0x000000070d2eae18}: Index 7 out of bounds for length 7> (0x000000070d2eae18) 
thrown [./open/src/hotspot/share/interpreter/interpreterRuntime.cpp, line 443]
Event: 8.231 Thread 0x000001b0e973bb30 Exception <a 'java/lang/ArrayIndexOutOfBoundsException'{0x000000070d3ae0c0}: Index 17 out of bounds for length 17> (0x000000070d3ae0c0) 
thrown [./open/src/hotspot/share/interpreter/interpreterRuntime.cpp, line 443]
Event: 8.231 Thread 0x000001b0e973bb30 Exception <a 'java/lang/ArrayIndexOutOfBoundsException'{0x000000070d3ae688}: Index 17 out of bounds for length 17> (0x000000070d3ae688) 
thrown [./open/src/hotspot/share/interpreter/interpreterRuntime.cpp, line 443]
Event: 8.232 Thread 0x000001b0e973bb30 Exception <a 'java/lang/ArrayIndexOutOfBoundsException'{0x000000070d3b3218}: Index 17 out of bounds for length 17> (0x000000070d3b3218) 
thrown [./open/src/hotspot/share/interpreter/interpreterRuntime.cpp, line 443]
Event: 8.232 Thread 0x000001b0e973bb30 Exception <a 'java/lang/ArrayIndexOutOfBoundsException'{0x000000070d3b37e0}: Index 17 out of bounds for length 17> (0x000000070d3b37e0) 
thrown [./open/src/hotspot/share/interpreter/interpreterRuntime.cpp, line 443]
Event: 8.517 Thread 0x000001b0e973bb30 Exception <a 'java/lang/NoSuchMethodError'{0x0000000703b1e3d8}: 'int java.lang.invoke.DirectMethodHandle$Holder.invokeSpecial(java.lang.Object, java.lang.Object, java.lang.Object, java.lang.Object, java.lang.Object)'> (0x0000000703b1e3d8) 
thrown [./open/src/hotspot/share/interpreter/linkResolver.cpp, line 782]
Event: 8.569 Thread 0x000001b0e973bb30 Implicit null exception at 0x000001b087c5f9ff to 0x000001b087c5fbb8
Event: 8.633 Thread 0x000001b0e973bb30 Exception <a 'java/lang/NoSuchMethodError'{0x000000070397b9b0}: 'void java.lang.invoke.DirectMethodHandle$Holder.invokeInterface(java.lang.Object, java.lang.Object, int)'> (0x000000070397b9b0) 
thrown [./open/src/hotspot/share/interpreter/linkResolver.cpp, line 782]
Event: 8.651 Thread 0x000001b0e973bb30 Exception <a 'java/lang/IncompatibleClassChangeError'{0x00000007039d0ee0}: Found class java.lang.Object, but interface was expected> (0x00000007039d0ee0) 
thrown [./open/src/hotspot/share/interpreter/linkResolver.cpp, line 848]
Event: 8.652 Thread 0x000001b0e973bb30 Exception <a 'java/lang/NoSuchMethodError'{0x00000007039d6038}: 'void java.lang.invoke.DirectMethodHandle$Holder.invokeStatic(java.lang.Object, int, java.lang.Object)'> (0x00000007039d6038) 
thrown [./open/src/hotspot/share/interpreter/linkResolver.cpp, line 782]
Event: 8.662 Thread 0x000001b0e973bb30 Exception <a 'java/lang/NoSuchMethodError'{0x0000000703607238}: 'int java.lang.invoke.DirectMethodHandle$Holder.invokeSpecial(java.lang.Object, java.lang.Object, int)'> (0x0000000703607238) 
thrown [./open/src/hotspot/share/interpreter/linkResolver.cpp, line 782]
Event: 8.826 Thread 0x000001b0e973bb30 Exception <a 'java/lang/NoSuchMethodError'{0x0000000703271188}: 'java.lang.Object java.lang.invoke.DirectMethodHandle$Holder.invokeStaticInit(java.lang.Object, int, int, int, int)'> (0x0000000703271188) 
thrown [./open/src/hotspot/share/interpreter/linkResolver.cpp, line 782]
Event: 8.913 Thread 0x000001b0e973bb30 Exception <a 'java/lang/NoSuchMethodError'{0x00000007032c3998}: 'java.lang.Object java.lang.invoke.DirectMethodHandle$Holder.invokeStaticInit(java.lang.Object, java.lang.Object, int, int, int, int)'> (0x00000007032c3998) 
thrown [./open/src/hotspot/share/interpreter/linkResolver.cpp, line 782]
Event: 9.509 Thread 0x000001b0e973bb30 Exception <a 'java/io/FileNotFoundException'{0x0000000703484928}> (0x0000000703484928) 
thrown [./open/src/hotspot/share/prims/jni.cpp, line 578]
Event: 9.755 Thread 0x000001b0e973bb30 Exception <a 'java/lang/NoSuchMethodError'{0x0000000710b51f28}: 'int java.lang.invoke.DirectMethodHandle$Holder.invokeInterface(java.lang.Object, java.lang.Object, java.lang.Object, java.lang.Object)'> (0x0000000710b51f28) 
thrown [./open/src/hotspot/share/interpreter/linkResolver.cpp, line 782]
Event: 9.860 Thread 0x000001b0e973bb30 Exception <a 'java/lang/NoSuchMethodError'{0x0000000710878668}: 'java.lang.Object java.lang.invoke.DirectMethodHandle$Holder.invokeStaticInit(java.lang.Object, java.lang.Object, java.lang.Object, java.lang.Object)'> (0x0000000710878668) 
thrown [./open/src/hotspot/share/interpreter/linkResolver.cpp, line 782]
Event: 9.865 Thread 0x000001b0e973bb30 Exception <a 'java/lang/IncompatibleClassChangeError'{0x000000071088aea8}: Found class java.lang.Object, but interface was expected> (0x000000071088aea8) 
thrown [./open/src/hotspot/share/interpreter/linkResolver.cpp, line 848]
Event: 9.867 Thread 0x000001b0e973bb30 Exception <a 'java/lang/IncompatibleClassChangeError'{0x0000000710898da8}: Found class java.lang.Object, but interface was expected> (0x0000000710898da8) 
thrown [./open/src/hotspot/share/interpreter/linkResolver.cpp, line 848]
Event: 9.879 Thread 0x000001b0e973bb30 Exception <a 'java/lang/IncompatibleClassChangeError'{0x00000007108cab18}: Found class java.lang.Object, but interface was expected> (0x00000007108cab18) 
thrown [./open/src/hotspot/share/interpreter/linkResolver.cpp, line 848]

Events (20 events):
Event: 9.721 loading class java/io/ObjectInput
Event: 9.722 loading class java/io/ObjectInput done
Event: 9.722 loading class java/io/ObjectStreamConstants
Event: 9.722 loading class java/io/ObjectStreamConstants done
Event: 9.722 loading class java/io/ObjectInputStream done
Event: 9.777 Thread 0x000001b0927ad010 Thread exited: 0x000001b0927ad010
Event: 9.777 Thread 0x000001b091fc4d70 Thread exited: 0x000001b091fc4d70
Event: 9.830 Thread 0x000001b0922ec890 Thread added: 0x000001b0922ec890
Event: 9.871 loading class java/util/stream/ReduceOps$1
Event: 9.871 loading class java/util/stream/ReduceOps$1 done
Event: 9.871 loading class java/util/stream/ReduceOps$1ReducingSink
Event: 9.871 loading class java/util/stream/ReduceOps$1ReducingSink done
Event: 9.878 loading class java/util/stream/Streams$ConcatSpliterator$OfRef
Event: 9.878 loading class java/util/stream/Streams$ConcatSpliterator
Event: 9.878 loading class java/util/stream/Streams$ConcatSpliterator done
Event: 9.878 loading class java/util/stream/Streams$ConcatSpliterator$OfRef done
Event: 9.879 loading class java/util/stream/Streams$2
Event: 9.879 loading class java/util/stream/Streams$2 done
Event: 9.883 loading class java/util/function/ToDoubleFunction
Event: 9.883 loading class java/util/function/ToDoubleFunction done


Dynamic libraries:
0x00007ff6be270000 - 0x00007ff6be27d000 	C:\Users\Sharony Braam\.jdks\openjdk-15\bin\java.exe
0x00007ffd5f310000 - 0x00007ffd5f506000 	C:\Windows\SYSTEM32\ntdll.dll
0x00007ffd5d460000 - 0x00007ffd5d51d000 	C:\Windows\System32\KERNEL32.DLL
0x00007ffd5ce60000 - 0x00007ffd5d128000 	C:\Windows\System32\KERNELBASE.dll
0x00007ffd5a370000 - 0x00007ffd5a400000 	C:\Windows\SYSTEM32\apphelp.dll
0x00007ffd5cd60000 - 0x00007ffd5ce60000 	C:\Windows\System32\ucrtbase.dll
0x00007ffd35490000 - 0x00007ffd354a9000 	C:\Users\Sharony Braam\.jdks\openjdk-15\bin\VCRUNTIME140.dll
0x00007ffd32bf0000 - 0x00007ffd32c08000 	C:\Users\Sharony Braam\.jdks\openjdk-15\bin\jli.dll
0x00007ffd5ef00000 - 0x00007ffd5f0a0000 	C:\Windows\System32\USER32.dll
0x00007ffd5ca50000 - 0x00007ffd5ca72000 	C:\Windows\System32\win32u.dll
0x00007ffd437f0000 - 0x00007ffd43a8b000 	C:\Windows\WinSxS\amd64_microsoft.windows.common-controls_6595b64144ccf1df_6.0.19041.488_none_ca04af081b815d21\COMCTL32.dll
0x00007ffd5f1d0000 - 0x00007ffd5f26e000 	C:\Windows\System32\msvcrt.dll
0x00007ffd5d740000 - 0x00007ffd5d76a000 	C:\Windows\System32\GDI32.dll
0x00007ffd5d130000 - 0x00007ffd5d239000 	C:\Windows\System32\gdi32full.dll
0x00007ffd5d2d0000 - 0x00007ffd5d36d000 	C:\Windows\System32\msvcp_win.dll
0x00007ffd5ebd0000 - 0x00007ffd5ec00000 	C:\Windows\System32\IMM32.DLL
0x00007ffd38c90000 - 0x00007ffd38c9c000 	C:\Users\Sharony Braam\.jdks\openjdk-15\bin\vcruntime140_1.dll
0x00007ffd25e40000 - 0x00007ffd25ed1000 	C:\Users\Sharony Braam\.jdks\openjdk-15\bin\msvcp140.dll
0x00007ffcee780000 - 0x00007ffcef2dc000 	C:\Users\Sharony Braam\.jdks\openjdk-15\bin\server\jvm.dll
0x00007ffd5dca0000 - 0x00007ffd5dd4c000 	C:\Windows\System32\ADVAPI32.dll
0x00007ffd5ee60000 - 0x00007ffd5eefb000 	C:\Windows\System32\sechost.dll
0x00007ffd5d610000 - 0x00007ffd5d734000 	C:\Windows\System32\RPCRT4.dll
0x00007ffd5e410000 - 0x00007ffd5e418000 	C:\Windows\System32\PSAPI.DLL
0x00007ffd5a2e0000 - 0x00007ffd5a2e9000 	C:\Windows\SYSTEM32\WSOCK32.dll
0x00007ffd5dc30000 - 0x00007ffd5dc9b000 	C:\Windows\System32\WS2_32.dll
0x00007ffd55340000 - 0x00007ffd5534a000 	C:\Windows\SYSTEM32\VERSION.dll
0x00007ffd53740000 - 0x00007ffd53767000 	C:\Windows\SYSTEM32\WINMM.dll
0x00007ffd5a980000 - 0x00007ffd5a992000 	C:\Windows\SYSTEM32\kernel.appcore.dll
0x00007ffd381c0000 - 0x00007ffd381ca000 	C:\Users\Sharony Braam\.jdks\openjdk-15\bin\jimage.dll
0x00007ffd520b0000 - 0x00007ffd52294000 	C:\Windows\SYSTEM32\DBGHELP.DLL
0x00007ffd52080000 - 0x00007ffd520ac000 	C:\Windows\SYSTEM32\dbgcore.DLL
0x00007ffd5ca80000 - 0x00007ffd5caff000 	C:\Windows\System32\bcryptPrimitives.dll
0x00007ffd5a2f0000 - 0x00007ffd5a2fe000 	C:\Users\Sharony Braam\.jdks\openjdk-15\bin\instrument.dll
0x00007ffd32bc0000 - 0x00007ffd32be5000 	C:\Users\Sharony Braam\.jdks\openjdk-15\bin\java.dll
0x00007ffd5e420000 - 0x00007ffd5eb61000 	C:\Windows\System32\SHELL32.dll
0x00007ffd5ab80000 - 0x00007ffd5b315000 	C:\Windows\SYSTEM32\windows.storage.dll
0x00007ffd5d770000 - 0x00007ffd5dac5000 	C:\Windows\System32\combase.dll
0x00007ffd5c3f0000 - 0x00007ffd5c41c000 	C:\Windows\SYSTEM32\Wldp.dll
0x00007ffd5dd60000 - 0x00007ffd5de0e000 	C:\Windows\System32\SHCORE.dll
0x00007ffd5f270000 - 0x00007ffd5f2c5000 	C:\Windows\System32\shlwapi.dll
0x00007ffd5c980000 - 0x00007ffd5c9a6000 	C:\Windows\SYSTEM32\profapi.dll
0x00007ffd32990000 - 0x00007ffd329a8000 	C:\Users\Sharony Braam\.jdks\openjdk-15\bin\zip.dll
0x00007ffd329d0000 - 0x00007ffd329e9000 	C:\Users\Sharony Braam\.jdks\openjdk-15\bin\net.dll
0x00007ffd57ba0000 - 0x00007ffd57ca0000 	C:\Windows\SYSTEM32\WINHTTP.dll
0x00007ffd5c1e0000 - 0x00007ffd5c24a000 	C:\Windows\system32\mswsock.dll
0x00007ffd329b0000 - 0x00007ffd329c2000 	C:\Users\Sharony Braam\.jdks\openjdk-15\bin\nio.dll
0x00007ffd5a250000 - 0x00007ffd5a26a000 	C:\Program Files\JetBrains\IntelliJ IDEA Community Edition 2020.2.2\bin\breakgen64.dll
0x00007ffd2ed40000 - 0x00007ffd2ed50000 	C:\Users\Sharony Braam\.jdks\openjdk-15\bin\verify.dll
0x00007ffd5bea0000 - 0x00007ffd5bedb000 	C:\Windows\SYSTEM32\IPHLPAPI.DLL
0x00007ffd5dd50000 - 0x00007ffd5dd58000 	C:\Windows\System32\NSI.dll
0x00007ffd56e20000 - 0x00007ffd56e37000 	C:\Windows\SYSTEM32\dhcpcsvc6.DLL
0x00007ffd56e00000 - 0x00007ffd56e1d000 	C:\Windows\SYSTEM32\dhcpcsvc.DLL
0x00007ffd5bef0000 - 0x00007ffd5bfbb000 	C:\Windows\SYSTEM32\DNSAPI.dll
0x00007ffd504c0000 - 0x00007ffd504ca000 	C:\Windows\System32\rasadhlp.dll
0x00007ffd563d0000 - 0x00007ffd5644f000 	C:\Windows\System32\fwpuclnt.dll
0x00007ffd5d2a0000 - 0x00007ffd5d2c7000 	C:\Windows\System32\bcrypt.dll
0x00007ffd2cc90000 - 0x00007ffd2cc99000 	C:\Users\Sharony Braam\.jdks\openjdk-15\bin\management.dll
0x00007ffd2cb80000 - 0x00007ffd2cb8b000 	C:\Users\Sharony Braam\.jdks\openjdk-15\bin\management_ext.dll
0x00007ffd4a780000 - 0x00007ffd4a797000 	C:\Windows\system32\napinsp.dll
0x00007ffd48df0000 - 0x00007ffd48e0b000 	C:\Windows\system32\pnrpnsp.dll
0x00007ffd3cfc0000 - 0x00007ffd3cfd5000 	C:\Windows\system32\wshbth.dll
0x00007ffd584f0000 - 0x00007ffd5850d000 	C:\Windows\system32\NLAapi.dll
0x00007ffd48080000 - 0x00007ffd48092000 	C:\Windows\System32\winrnr.dll
0x00007ffd5c430000 - 0x00007ffd5c448000 	C:\Windows\SYSTEM32\CRYPTSP.dll
0x00007ffd5bb20000 - 0x00007ffd5bb54000 	C:\Windows\system32\rsaenh.dll
0x00007ffd5c940000 - 0x00007ffd5c96e000 	C:\Windows\SYSTEM32\USERENV.dll
0x00007ffd5c360000 - 0x00007ffd5c36c000 	C:\Windows\SYSTEM32\CRYPTBASE.dll

dbghelp: loaded successfully - version: 4.0.5 - missing functions: none
symbol engine: initialized successfully - sym options: 0x614 - pdb path: .;C:\Users\Sharony Braam\.jdks\openjdk-15\bin;C:\Windows\SYSTEM32;C:\Windows\WinSxS\amd64_microsoft.windows.common-controls_6595b64144ccf1df_6.0.19041.488_none_ca04af081b815d21;C:\Users\Sharony Braam\.jdks\openjdk-15\bin\server;C:\Program Files\JetBrains\IntelliJ IDEA Community Edition 2020.2.2\bin

VM Arguments:
jvm_args: -javaagent:C:\Program Files\JetBrains\IntelliJ IDEA Community Edition 2020.2.2\lib\idea_rt.jar=62783:C:\Program Files\JetBrains\IntelliJ IDEA Community Edition 2020.2.2\bin -Dfile.encoding=UTF-8 
java_command: GamingLads.apigateway.ApiGatewayApplication
java_class_path (initial): D:\Sharony\Documents\School\Semester3\Individueel\System\api-gateway\target\classes;C:\Users\Sharony Braam\.m2\repository\org\springframework\boot\spring-boot-starter-web\2.3.4.RELEASE\spring-boot-starter-web-2.3.4.RELEASE.jar;C:\Users\Sharony Braam\.m2\repository\org\springframework\boot\spring-boot-starter\2.3.4.RELEASE\spring-boot-starter-2.3.4.RELEASE.jar;C:\Users\Sharony Braam\.m2\repository\org\springframework\boot\spring-boot\2.3.4.RELEASE\spring-boot-2.3.4.RELEASE.jar;C:\Users\Sharony Braam\.m2\repository\org\springframework\boot\spring-boot-autoconfigure\2.3.4.RELEASE\spring-boot-autoconfigure-2.3.4.RELEASE.jar;C:\Users\Sharony Braam\.m2\repository\org\springframework\boot\spring-boot-starter-logging\2.3.4.RELEASE\spring-boot-starter-logging-2.3.4.RELEASE.jar;C:\Users\Sharony Braam\.m2\repository\ch\qos\logback\logback-classic\1.2.3\logback-classic-1.2.3.jar;C:\Users\Sharony Braam\.m2\repository\ch\qos\logback\logback-core\1.2.3\logback-core-1.2.3.jar;C:\Users\Sharony Braam\.m2\repository\org\apache\logging\log4j\log4j-to-slf4j\2.13.3\log4j-to-slf4j-2.13.3.jar;C:\Users\Sharony Braam\.m2\repository\org\apache\logging\log4j\log4j-api\2.13.3\log4j-api-2.13.3.jar;C:\Users\Sharony Braam\.m2\repository\org\slf4j\jul-to-slf4j\1.7.30\jul-to-slf4j-1.7.30.jar;C:\Users\Sharony Braam\.m2\repository\jakarta\annotation\jakarta.annotation-api\1.3.5\jakarta.annotation-api-1.3.5.jar;C:\Users\Sharony Braam\.m2\repository\org\yaml\snakeyaml\1.26\snakeyaml-1.26.jar;C:\Users\Sharony Braam\.m2\repository\org\springframework\boot\spring-boot-starter-json\2.3.4.RELEASE\spring-boot-starter-json-2.3.4.RELEASE.jar;C:\Users\Sharony Braam\.m2\repository\com\fasterxml\jackson\core\jackson-databind\2.11.2\jackson-databind-2.11.2.jar;C:\Users\Sharony Braam\.m2\repository\com\fasterxml\jackson\datatype\jackson-datatype-jdk8\2.11.2\jackson-datatype-jdk8-2.11.2.jar;C:\Users\Sharony Braam\.m2\repository\com\fasterxml\jackson\datatype\jackson-datatype-jsr310\2.11.2
Launcher Type: SUN_STANDARD

[Global flags]
     intx CICompilerCount                          = 4                                         {product} {ergonomic}
     uint ConcGCThreads                            = 3                                         {product} {ergonomic}
     uint G1ConcRefinementThreads                  = 10                                        {product} {ergonomic}
   size_t G1HeapRegionSize                         = 2097152                                   {product} {ergonomic}
    uintx GCDrainStackTargetSize                   = 64                                        {product} {ergonomic}
   size_t InitialHeapSize                          = 268435456                                 {product} {ergonomic}
   size_t MarkStackSize                            = 4194304                                   {product} {ergonomic}
   size_t MaxHeapSize                              = 4282384384                                {product} {ergonomic}
   size_t MaxNewSize                               = 2569011200                                {product} {ergonomic}
   size_t MinHeapDeltaBytes                        = 2097152                                   {product} {ergonomic}
   size_t MinHeapSize                              = 8388608                                   {product} {ergonomic}
    uintx NonNMethodCodeHeapSize                   = 5839372                                {pd product} {ergonomic}
    uintx NonProfiledCodeHeapSize                  = 122909434                              {pd product} {ergonomic}
    uintx ProfiledCodeHeapSize                     = 122909434                              {pd product} {ergonomic}
    uintx ReservedCodeCacheSize                    = 251658240                              {pd product} {ergonomic}
     bool SegmentedCodeCache                       = true                                      {product} {ergonomic}
   size_t SoftMaxHeapSize                          = 4282384384                             {manageable} {ergonomic}
     bool UseCompressedClassPointers               = true                                 {lp64_product} {ergonomic}
     bool UseCompressedOops                        = true                                 {lp64_product} {ergonomic}
     bool UseG1GC                                  = true                                      {product} {ergonomic}
     bool UseLargePagesIndividualAllocation        = false                                  {pd product} {ergonomic}

Logging:
Log output configuration:
 #0: stdout all=warning uptime,level,tags
 #1: stderr all=off uptime,level,tags

Environment Variables:
PATH=C:\Windows\system32;C:\Windows;C:\Windows\System32\Wbem;C:\Windows\System32\WindowsPowerShell\v1.0\;C:\Windows\System32\OpenSSH\;C:\Program Files (x86)\NVIDIA Corporation\PhysX\Common;C:\Program Files\NVIDIA Corporation\NVIDIA NvDLISR;C:\Program Files\dotnet\;C:\Program Files\Microsoft SQL Server\130\Tools\Binn\;C:\Program Files\Microsoft SQL Server\Client SDK\ODBC\170\Tools\Binn\;C:\Program Files\Git\cmd;C:\Program Files\nodejs\;C:\Program Files (x86)\Yarn\bin\;C:\Program Files\Docker\Docker\resources\bin;C:\ProgramData\DockerDesktop\version-bin;C:\Users\Sharony Braam\AppData\Local\Microsoft\WindowsApps;;C:\Users\Sharony Braam\AppData\Local\Programs\Microsoft VS Code\bin;C:\Users\Sharony Braam\AppData\Roaming\npm;C:\Users\Sharony Braam\AppData\Local\Yarn\bin
USERNAME=Sharony Braam
OS=Windows_NT
PROCESSOR_IDENTIFIER=AMD64 Family 23 Model 8 Stepping 2, AuthenticAMD



---------------  S Y S T E M  ---------------

OS:
 Windows 10 , 64 bit Build 19041 (10.0.19041.546)
OS uptime: 15 days 21:19 hours
HyperV virtualization detected

CPU: total 12 (initial active 12) (12 cores per cpu, 2 threads per core) family 23 model 8 stepping 2, cmov, cx8, fxsr, mmx, sse, sse2, sse3, ssse3, sse4.1, sse4.2, popcnt, vzeroupper, avx, avx2, aes, clmul, 3dnowpref, lzcnt, sse4a, ht, tsc, tscinvbit, tscinv, bmi1, bmi2, adx, sha, fma, clflush, clflushopt

Memory: 4k page, system-wide physical 16332M (2266M free)
TotalPageFile size 29723M (AvailPageFile size 5M)
current process WorkingSet (physical memory assigned to process): 196M, peak: 200M
current process commit charge ("private bytes"): 244M, peak: 422M

vm_info: OpenJDK 64-Bit Server VM (15+36-1562) for windows-amd64 JRE (15+36-1562), built on Aug 11 2020 22:33:04 by "mach5one" with unknown MS VC++:1925

END.
